# JRE version: Java(TM) SE Runtime Environment (8.0_05-b13) (build 1.8.0_05-b13)
# Java VM: Java HotSpot(TM) 64-Bit Server VM (25.5-b02 mixed mode windows-amd64 compressed oops)
Heap:
 PSYoungGen      total 103424K, used 15304K [0x00000000eab00000, 0x00000000f1e80000, 0x0000000100000000)
  eden space 90112K, 7% used [0x00000000eab00000,0x00000000eb1a9b80,0x00000000f0300000)
  from space 13312K, 63% used [0x00000000f1080000,0x00000000f18c86a8,0x00000000f1d80000)
  to   space 13824K, 0% used [0x00000000f0300000,0x00000000f0300000,0x00000000f1080000)
 ParOldGen       total 129536K, used 40606K [0x00000000c0000000, 0x00000000c7e80000, 0x00000000eab00000)
  object space 129536K, 31% used [0x00000000c0000000,0x00000000c27a7aa8,0x00000000c7e80000)
 Metaspace       used 7085K, capacity 7640K, committed 7936K, reserved 1056768K
  class space    used 692K, capacity 720K, committed 768K, reserved 1048576K
GC Heap History (10 events):
Event: 3.616 GC heap before
{Heap before GC invocations=16 (full 0):
 PSYoungGen      total 33280K, used 33264K [0x00000000eab00000, 0x00000000ee500000, 0x0000000100000000)
  eden space 29184K, 100% used [0x00000000eab00000,0x00000000ec780000,0x00000000ec780000)
  from space 4096K, 99% used [0x00000000ec780000,0x00000000ecb7c1c0,0x00000000ecb80000)
  to   space 6144K, 0% used [0x00000000edf00000,0x00000000edf00000,0x00000000ee500000)
 ParOldGen       total 129536K, used 14328K [0x00000000c0000000, 0x00000000c7e80000, 0x00000000eab00000)
  object space 129536K, 11% used [0x00000000c0000000,0x00000000c0dfe330,0x00000000c7e80000)
 Metaspace       used 5992K, capacity 6960K, committed 7040K, reserved 1056768K
  class space    used 594K, capacity 616K, committed 640K, reserved 1048576K
Event: 3.631 GC heap after
Heap after GC invocations=16 (full 0):
 PSYoungGen      total 52736K, used 4736K [0x00000000eab00000, 0x00000000ee600000, 0x0000000100000000)
  eden space 46592K, 0% used [0x00000000eab00000,0x00000000eab00000,0x00000000ed880000)
  from space 6144K, 77% used [0x00000000edf00000,0x00000000ee3a0000,0x00000000ee500000)
  to   space 6656K, 0% used [0x00000000ed880000,0x00000000ed880000,0x00000000edf00000)
 ParOldGen       total 129536K, used 18166K [0x00000000c0000000, 0x00000000c7e80000, 0x00000000eab00000)
  object space 129536K, 14% used [0x00000000c0000000,0x00000000c11bda08,0x00000000c7e80000)
 Metaspace       used 5992K, capacity 6960K, committed 7040K, reserved 1056768K
  class space    used 594K, capacity 616K, committed 640K, reserved 1048576K
}
Event: 3.823 GC heap before
{Heap before GC invocations=17 (full 0):
 PSYoungGen      total 52736K, used 51328K [0x00000000eab00000, 0x00000000ee600000, 0x0000000100000000)
  eden space 46592K, 100% used [0x00000000eab00000,0x00000000ed880000,0x00000000ed880000)
  from space 6144K, 77% used [0x00000000edf00000,0x00000000ee3a0000,0x00000000ee500000)
  to   space 6656K, 0% used [0x00000000ed880000,0x00000000ed880000,0x00000000edf00000)
 ParOldGen       total 129536K, used 18166K [0x00000000c0000000, 0x00000000c7e80000, 0x00000000eab00000)
  object space 129536K, 14% used [0x00000000c0000000,0x00000000c11bda08,0x00000000c7e80000)
 Metaspace       used 6001K, capacity 6960K, committed 7040K, reserved 1056768K
  class space    used 594K, capacity 616K, committed 640K, reserved 1048576K
Event: 3.839 GC heap after
Heap after GC invocations=17 (full 0):
 PSYoungGen      total 53248K, used 6632K [0x00000000eab00000, 0x00000000efa00000, 0x0000000100000000)
  eden space 46592K, 0% used [0x00000000eab00000,0x00000000eab00000,0x00000000ed880000)
  from space 6656K, 99% used [0x00000000ed880000,0x00000000edefa0d0,0x00000000edf00000)
  to   space 7680K, 0% used [0x00000000ef280000,0x00000000ef280000,0x00000000efa00000)
 ParOldGen       total 129536K, used 22513K [0x00000000c0000000, 0x00000000c7e80000, 0x00000000eab00000)
  object space 129536K, 17% used [0x00000000c0000000,0x00000000c15fc4c0,0x00000000c7e80000)
 Metaspace       used 6001K, capacity 6960K, committed 7040K, reserved 1056768K
  class space    used 594K, capacity 616K, committed 640K, reserved 1048576K
}
Event: 4.066 GC heap before
{Heap before GC invocations=18 (full 0):
 PSYoungGen      total 53248K, used 53224K [0x00000000eab00000, 0x00000000efa00000, 0x0000000100000000)
  eden space 46592K, 100% used [0x00000000eab00000,0x00000000ed880000,0x00000000ed880000)
  from space 6656K, 99% used [0x00000000ed880000,0x00000000edefa0d0,0x00000000edf00000)
  to   space 7680K, 0% used [0x00000000ef280000,0x00000000ef280000,0x00000000efa00000)
 ParOldGen       total 129536K, used 22513K [0x00000000c0000000, 0x00000000c7e80000, 0x00000000eab00000)
  object space 129536K, 17% used [0x00000000c0000000,0x00000000c15fc4c0,0x00000000c7e80000)
 Metaspace       used 6141K, capacity 7064K, committed 7424K, reserved 1056768K
  class space    used 614K, capacity 656K, committed 768K, reserved 1048576K
Event: 4.113 GC heap after
Heap after GC invocations=18 (full 0):
 PSYoungGen      total 72192K, used 6976K [0x00000000eab00000, 0x00000000efc00000, 0x0000000100000000)
  eden space 64512K, 0% used [0x00000000eab00000,0x00000000eab00000,0x00000000eea00000)
  from space 7680K, 90% used [0x00000000ef280000,0x00000000ef950010,0x00000000efa00000)
  to   space 8704K, 0% used [0x00000000eea00000,0x00000000eea00000,0x00000000ef280000)
 ParOldGen       total 129536K, used 28735K [0x00000000c0000000, 0x00000000c7e80000, 0x00000000eab00000)
  object space 129536K, 22% used [0x00000000c0000000,0x00000000c1c0ffd0,0x00000000c7e80000)
 Metaspace       used 6141K, capacity 7064K, committed 7424K, reserved 1056768K
  class space    used 614K, capacity 656K, committed 768K, reserved 1048576K
}
Event: 4.329 GC heap before
{Heap before GC invocations=19 (full 0):
 PSYoungGen      total 72192K, used 71488K [0x00000000eab00000, 0x00000000efc00000, 0x0000000100000000)
  eden space 64512K, 100% used [0x00000000eab00000,0x00000000eea00000,0x00000000eea00000)
  from space 7680K, 90% used [0x00000000ef280000,0x00000000ef950010,0x00000000efa00000)
  to   space 8704K, 0% used [0x00000000eea00000,0x00000000eea00000,0x00000000ef280000)
 ParOldGen       total 129536K, used 28735K [0x00000000c0000000, 0x00000000c7e80000, 0x00000000eab00000)
  object space 129536K, 22% used [0x00000000c0000000,0x00000000c1c0ffd0,0x00000000c7e80000)
 Metaspace       used 6161K, capacity 7064K, committed 7424K, reserved 1056768K
  class space    used 614K, capacity 656K, committed 768K, reserved 1048576K
Event: 4.392 GC heap after
Heap after GC invocations=19 (full 0):
 PSYoungGen      total 73216K, used 8683K [0x00000000eab00000, 0x00000000f1d80000, 0x0000000100000000)
  eden space 64512K, 0% used [0x00000000eab00000,0x00000000eab00000,0x00000000eea00000)
  from space 8704K, 99% used [0x00000000eea00000,0x00000000ef27af48,0x00000000ef280000)
  to   space 13312K, 0% used [0x00000000f1080000,0x00000000f1080000,0x00000000f1d80000)
 ParOldGen       total 129536K, used 37041K [0x00000000c0000000, 0x00000000c7e80000, 0x00000000eab00000)
  object space 129536K, 28% used [0x00000000c0000000,0x00000000c242c558,0x00000000c7e80000)
 Metaspace       used 6161K, capacity 7064K, committed 7424K, reserved 1056768K
  class space    used 614K, capacity 656K, committed 768K, reserved 1048576K
}
Event: 5.758 GC heap before
{Heap before GC invocations=20 (full 0):
 PSYoungGen      total 73216K, used 73195K [0x00000000eab00000, 0x00000000f1d80000, 0x0000000100000000)
  eden space 64512K, 100% used [0x00000000eab00000,0x00000000eea00000,0x00000000eea00000)
  from space 8704K, 99% used [0x00000000eea00000,0x00000000ef27af48,0x00000000ef280000)
  to   space 13312K, 0% used [0x00000000f1080000,0x00000000f1080000,0x00000000f1d80000)
 ParOldGen       total 129536K, used 37041K [0x00000000c0000000, 0x00000000c7e80000, 0x00000000eab00000)
  object space 129536K, 28% used [0x00000000c0000000,0x00000000c242c558,0x00000000c7e80000)
 Metaspace       used 6502K, capacity 7352K, committed 7680K, reserved 1056768K
  class space    used 634K, capacity 688K, committed 768K, reserved 1048576K
Event: 5.791 GC heap after
Heap after GC invocations=20 (full 0):
 PSYoungGen      total 103424K, used 8481K [0x00000000eab00000, 0x00000000f1e80000, 0x0000000100000000)
  eden space 90112K, 0% used [0x00000000eab00000,0x00000000eab00000,0x00000000f0300000)
  from space 13312K, 63% used [0x00000000f1080000,0x00000000f18c86a8,0x00000000f1d80000)
  to   space 13824K, 0% used [0x00000000f0300000,0x00000000f0300000,0x00000000f1080000)
 ParOldGen       total 129536K, used 40606K [0x00000000c0000000, 0x00000000c7e80000, 0x00000000eab00000)
  object space 129536K, 31% used [0x00000000c0000000,0x00000000c27a7aa8,0x00000000c7e80000)
 Metaspace       used 6502K, capacity 7352K, committed 7680K, reserved 1056768K
  class space    used 634K, capacity 688K, committed 768K, reserved 1048576K
}

