# JRE version: Java(TM) SE Runtime Environment (8.0_05-b13) (build 1.8.0_05-b13)
# Java VM: Java HotSpot(TM) 64-Bit Server VM (25.5-b02 mixed mode windows-amd64 compressed oops)
Heap:
 PSYoungGen      total 171520K, used 139873K [0x00000000eab00000, 0x00000000f8b80000, 0x0000000100000000)
  eden space 133120K, 76% used [0x00000000eab00000,0x00000000f0e1ee70,0x00000000f2d00000)
  from space 38400K, 99% used [0x00000000f6600000,0x00000000f8b79730,0x00000000f8b80000)
  to   space 45568K, 0% used [0x00000000f3280000,0x00000000f3280000,0x00000000f5f00000)
 ParOldGen       total 128000K, used 107713K [0x00000000c0000000, 0x00000000c7d00000, 0x00000000eab00000)
  object space 128000K, 84% used [0x00000000c0000000,0x00000000c6930540,0x00000000c7d00000)
 Metaspace       used 7024K, capacity 7640K, committed 7936K, reserved 1056768K
  class space    used 693K, capacity 720K, committed 768K, reserved 1048576K
GC Heap History (10 events):
Event: 5.463 GC heap before
{Heap before GC invocations=25 (full 0):
 PSYoungGen      total 121344K, used 107159K [0x00000000eab00000, 0x00000000f3e00000, 0x0000000100000000)
  eden space 92160K, 100% used [0x00000000eab00000,0x00000000f0500000,0x00000000f0500000)
  from space 29184K, 51% used [0x00000000f2180000,0x00000000f3025e40,0x00000000f3e00000)
  to   space 29184K, 0% used [0x00000000f0500000,0x00000000f0500000,0x00000000f2180000)
 ParOldGen       total 129536K, used 80301K [0x00000000c0000000, 0x00000000c7e80000, 0x00000000eab00000)
  object space 129536K, 61% used [0x00000000c0000000,0x00000000c4e6b558,0x00000000c7e80000)
 Metaspace       used 5932K, capacity 6960K, committed 7040K, reserved 1056768K
  class space    used 590K, capacity 616K, committed 640K, reserved 1048576K
Event: 5.514 GC heap after
Heap after GC invocations=25 (full 0):
 PSYoungGen      total 121344K, used 25036K [0x00000000eab00000, 0x00000000f6000000, 0x0000000100000000)
  eden space 92160K, 0% used [0x00000000eab00000,0x00000000eab00000,0x00000000f0500000)
  from space 29184K, 85% used [0x00000000f0500000,0x00000000f1d73150,0x00000000f2180000)
  to   space 32768K, 0% used [0x00000000f4000000,0x00000000f4000000,0x00000000f6000000)
 ParOldGen       total 129536K, used 95250K [0x00000000c0000000, 0x00000000c7e80000, 0x00000000eab00000)
  object space 129536K, 73% used [0x00000000c0000000,0x00000000c5d04bb8,0x00000000c7e80000)
 Metaspace       used 5932K, capacity 6960K, committed 7040K, reserved 1056768K
  class space    used 590K, capacity 616K, committed 640K, reserved 1048576K
}
Event: 5.976 GC heap before
{Heap before GC invocations=26 (full 0):
 PSYoungGen      total 121344K, used 117196K [0x00000000eab00000, 0x00000000f6000000, 0x0000000100000000)
  eden space 92160K, 100% used [0x00000000eab00000,0x00000000f0500000,0x00000000f0500000)
  from space 29184K, 85% used [0x00000000f0500000,0x00000000f1d73150,0x00000000f2180000)
  to   space 32768K, 0% used [0x00000000f4000000,0x00000000f4000000,0x00000000f6000000)
 ParOldGen       total 129536K, used 95250K [0x00000000c0000000, 0x00000000c7e80000, 0x00000000eab00000)
  object space 129536K, 73% used [0x00000000c0000000,0x00000000c5d04bb8,0x00000000c7e80000)
 Metaspace       used 6037K, capacity 7000K, committed 7168K, reserved 1056768K
  class space    used 611K, capacity 656K, committed 768K, reserved 1048576K
Event: 6.049 GC heap after
Heap after GC invocations=26 (full 0):
 PSYoungGen      total 150528K, used 22953K [0x00000000eab00000, 0x00000000f6400000, 0x0000000100000000)
  eden space 117760K, 0% used [0x00000000eab00000,0x00000000eab00000,0x00000000f1e00000)
  from space 32768K, 70% used [0x00000000f4000000,0x00000000f566a7a8,0x00000000f6000000)
  to   space 34816K, 0% used [0x00000000f1e00000,0x00000000f1e00000,0x00000000f4000000)
 ParOldGen       total 129536K, used 103939K [0x00000000c0000000, 0x00000000c7e80000, 0x00000000eab00000)
  object space 129536K, 80% used [0x00000000c0000000,0x00000000c6580cc8,0x00000000c7e80000)
 Metaspace       used 6037K, capacity 7000K, committed 7168K, reserved 1056768K
  class space    used 611K, capacity 656K, committed 768K, reserved 1048576K
}
Event: 6.623 GC heap before
{Heap before GC invocations=27 (full 0):
 PSYoungGen      total 150528K, used 140713K [0x00000000eab00000, 0x00000000f6400000, 0x0000000100000000)
  eden space 117760K, 100% used [0x00000000eab00000,0x00000000f1e00000,0x00000000f1e00000)
  from space 32768K, 70% used [0x00000000f4000000,0x00000000f566a7a8,0x00000000f6000000)
  to   space 34816K, 0% used [0x00000000f1e00000,0x00000000f1e00000,0x00000000f4000000)
 ParOldGen       total 129536K, used 103939K [0x00000000c0000000, 0x00000000c7e80000, 0x00000000eab00000)
  object space 129536K, 80% used [0x00000000c0000000,0x00000000c6580cc8,0x00000000c7e80000)
 Metaspace       used 6039K, capacity 7000K, committed 7168K, reserved 1056768K
  class space    used 611K, capacity 656K, committed 768K, reserved 1048576K
Event: 6.954 GC heap after
Heap after GC invocations=27 (full 0):
 PSYoungGen      total 152576K, used 27868K [0x00000000eab00000, 0x00000000f8b80000, 0x0000000100000000)
  eden space 117760K, 0% used [0x00000000eab00000,0x00000000eab00000,0x00000000f1e00000)
  from space 34816K, 80% used [0x00000000f1e00000,0x00000000f3937300,0x00000000f4000000)
  to   space 38400K, 0% used [0x00000000f6600000,0x00000000f6600000,0x00000000f8b80000)
 ParOldGen       total 129536K, used 117971K [0x00000000c0000000, 0x00000000c7e80000, 0x00000000eab00000)
  object space 129536K, 91% used [0x00000000c0000000,0x00000000c7334d80,0x00000000c7e80000)
 Metaspace       used 6039K, capacity 7000K, committed 7168K, reserved 1056768K
  class space    used 611K, capacity 656K, committed 768K, reserved 1048576K
}
Event: 6.954 GC heap before
{Heap before GC invocations=28 (full 1):
 PSYoungGen      total 152576K, used 27868K [0x00000000eab00000, 0x00000000f8b80000, 0x0000000100000000)
  eden space 117760K, 0% used [0x00000000eab00000,0x00000000eab00000,0x00000000f1e00000)
  from space 34816K, 80% used [0x00000000f1e00000,0x00000000f3937300,0x00000000f4000000)
  to   space 38400K, 0% used [0x00000000f6600000,0x00000000f6600000,0x00000000f8b80000)
 ParOldGen       total 129536K, used 117971K [0x00000000c0000000, 0x00000000c7e80000, 0x00000000eab00000)
  object space 129536K, 91% used [0x00000000c0000000,0x00000000c7334d80,0x00000000c7e80000)
 Metaspace       used 6039K, capacity 7000K, committed 7168K, reserved 1056768K
  class space    used 611K, capacity 656K, committed 768K, reserved 1048576K
Event: 9.371 GC heap after
Heap after GC invocations=28 (full 1):
 PSYoungGen      total 152576K, used 0K [0x00000000eab00000, 0x00000000f8b80000, 0x0000000100000000)
  eden space 117760K, 0% used [0x00000000eab00000,0x00000000eab00000,0x00000000f1e00000)
  from space 34816K, 0% used [0x00000000f1e00000,0x00000000f1e00000,0x00000000f4000000)
  to   space 38400K, 0% used [0x00000000f6600000,0x00000000f6600000,0x00000000f8b80000)
 ParOldGen       total 128000K, used 106126K [0x00000000c0000000, 0x00000000c7d00000, 0x00000000eab00000)
  object space 128000K, 82% used [0x00000000c0000000,0x00000000c67a3ad0,0x00000000c7d00000)
 Metaspace       used 6039K, capacity 7000K, committed 7168K, reserved 1056768K
  class space    used 611K, capacity 656K, committed 768K, reserved 1048576K
}
Event: 12.898 GC heap before
{Heap before GC invocations=29 (full 1):
 PSYoungGen      total 152576K, used 117760K [0x00000000eab00000, 0x00000000f8b80000, 0x0000000100000000)
  eden space 117760K, 100% used [0x00000000eab00000,0x00000000f1e00000,0x00000000f1e00000)
  from space 34816K, 0% used [0x00000000f1e00000,0x00000000f1e00000,0x00000000f4000000)
  to   space 38400K, 0% used [0x00000000f6600000,0x00000000f6600000,0x00000000f8b80000)
 ParOldGen       total 128000K, used 106126K [0x00000000c0000000, 0x00000000c7d00000, 0x00000000eab00000)
  object space 128000K, 82% used [0x00000000c0000000,0x00000000c67a3ad0,0x00000000c7d00000)
 Metaspace       used 6093K, capacity 7064K, committed 7424K, reserved 1056768K
  class space    used 614K, capacity 656K, committed 768K, reserved 1048576K
Event: 13.311 GC heap after
Heap after GC invocations=29 (full 1):
 PSYoungGen      total 171520K, used 38373K [0x00000000eab00000, 0x00000000f8b80000, 0x0000000100000000)
  eden space 133120K, 0% used [0x00000000eab00000,0x00000000eab00000,0x00000000f2d00000)
  from space 38400K, 99% used [0x00000000f6600000,0x00000000f8b79730,0x00000000f8b80000)
  to   space 45568K, 0% used [0x00000000f3280000,0x00000000f3280000,0x00000000f5f00000)
 ParOldGen       total 128000K, used 107713K [0x00000000c0000000, 0x00000000c7d00000, 0x00000000eab00000)
  object space 128000K, 84% used [0x00000000c0000000,0x00000000c6930540,0x00000000c7d00000)
 Metaspace       used 6093K, capacity 7064K, committed 7424K, reserved 1056768K
  class space    used 614K, capacity 656K, committed 768K, reserved 1048576K
}

